[2026-01-07 04:06:12] #1 | analyze_image_async (1x) | Success | Visual + Audio | Trigger: title
[2026-01-07 04:06:17] #2 | chat_response_async (1x) | Success | Visual + Audio
[2026-01-07 04:06:21] #3 | analyze_image_async (2x) | Success | Visual + Audio | Trigger: visual
[2026-01-07 04:06:24] #4 | analyze_for_learning (1x) | Success | 
[2026-01-07 04:06:49] #5 | analyze_for_learning (2x) | Success | 
[2026-01-07 04:06:55] #6 | analyze_for_learning (3x) | Success | 
[2026-01-07 04:07:01] #7 | analyze_for_learning (4x) | Success | 
[2026-01-07 04:07:10] #8 | chat_response_async (2x) | Success | Visual + No Audio
[2026-01-07 04:15:53] #1 | analyze_for_learning (1x) | Success | 
[2026-01-07 04:18:11] #1 | analyze_for_learning (1x) | Success | 
[2026-01-07 04:18:11] #2 | analyze_image_async (1x) | Success | Visual + No Audio | Trigger: title
[2026-01-07 04:18:12] #3 | analyze_image_async (2x) | Success | Visual + No Audio | Trigger: title
[2026-01-07 04:18:13] #4 | analyze_image_async (3x) | Success | Visual + No Audio | Trigger: title
[2026-01-07 04:18:13] #5 | analyze_image_async (4x) | Success | Visual + No Audio | Trigger: title
[2026-01-07 04:18:17] #6 | analyze_image_async (5x) | Success | Visual + No Audio | Trigger: title
[2026-01-07 04:19:17] #7 | analyze_image_async (6x) | Success | Visual + No Audio | Trigger: title
[2026-01-07 04:29:16] #1 | analyze_for_learning (1x) | Success | 
[2026-01-07 04:29:30] #2 | chat_response_async (1x) | Success | Visual + No Audio
[2026-01-07 04:29:46] #3 | analyze_for_learning (2x) | Success | 
[2026-01-07 04:29:52] #4 | analyze_for_learning (3x) | Success | 
[2026-01-07 04:29:58] #5 | analyze_for_learning (4x) | Success | 
[2026-01-07 04:30:03] #6 | chat_response_async (2x) | Success | Visual + No Audio
[2026-01-07 04:30:09] #7 | analyze_for_learning (5x) | Success | 
[2026-01-07 04:30:19] #8 | analyze_for_learning (6x) | Success | 
[2026-01-07 04:30:32] #9 | analyze_for_learning (7x) | Success | 
[2026-01-07 04:30:39] #10 | chat_response_async (3x) | Success | Visual + Audio
[2026-01-07 04:31:03] #11 | analyze_for_learning (8x) | Success | 
[2026-01-07 04:31:08] #12 | chat_response_async (4x) | Success | Visual + Audio
[2026-01-07 04:40:47] #1 | analyze_image_async (1x) | Success | Visual + Audio | Trigger: title
[2026-01-07 04:40:53] #2 | analyze_image_async (2x) | Success | Visual + Audio | Trigger: audio
[2026-01-07 04:40:53] #3 | analyze_image_async (3x) | Success | Visual + Audio | Trigger: visual
[2026-01-07 04:40:59] #4 | chat_response_async (1x) | Success | Visual + Audio
[2026-01-07 04:41:02] #5 | analyze_image_async (4x) | Success | Visual + Audio | Trigger: audio
[2026-01-07 04:41:06] #6 | analyze_for_learning (1x) | Success | 
[2026-01-07 04:41:07] #7 | analyze_image_async (5x) | Success | Visual + Audio | Trigger: audio
[2026-01-07 04:41:07] #8 | analyze_image_async (6x) | Success | Visual + Audio | Trigger: visual
[2026-01-07 04:41:07] #9 | analyze_image_async (7x) | Success | Visual + Audio | Trigger: audio
[2026-01-07 04:41:08] #10 | analyze_image_async (8x) | Success | Visual + Audio | Trigger: audio
[2026-01-07 04:41:08] #11 | analyze_image_async (9x) | Success | Visual + Audio | Trigger: audio
[2026-01-07 04:43:20] #1 | analyze_image_async (1x) | Success | Visual + Audio | Trigger: audio
[2026-01-07 04:43:24] #2 | analyze_for_learning (1x) | Success | 
[2026-01-07 04:43:28] #3 | analyze_image_async (2x) | Success | Visual + Audio | Trigger: audio
[2026-01-07 04:43:41] #4 | chat_response_async (1x) | Success | Visual + Audio
[2026-01-07 04:43:46] #5 | analyze_image_async (3x) | Success | Visual + Audio | Trigger: visual
[2026-01-07 04:43:53] #6 | analyze_image_async (4x) | Success | Visual + Audio | Trigger: audio
[2026-01-07 04:43:59] #7 | chat_response_async (2x) | Success | Visual + Audio
[2026-01-07 04:52:04] #1 | chat_response_async (1x) | Success | Visual + No Audio
[2026-01-07 04:52:09] #2 | analyze_for_learning (1x) | Success | 
[2026-01-07 04:52:36] #3 | chat_response_async (2x) | Success | Visual + No Audio
[2026-01-07 04:52:41] #4 | analyze_for_learning (2x) | Success | 
[2026-01-07 04:53:03] #5 | chat_response_async (3x) | Success | Visual + No Audio
[2026-01-07 04:53:11] #6 | analyze_for_learning (3x) | Success | 
[2026-01-07 04:53:25] #7 | analyze_for_learning (4x) | Success | 
[2026-01-07 04:53:30] #8 | analyze_for_learning (5x) | Success | 
[2026-01-07 04:53:40] #9 | chat_response_async (4x) | Success | Visual + Audio
[2026-01-07 04:53:55] #10 | chat_response_async (5x) | Success | Visual + Audio
[2026-01-07 17:49:45] #1 | analyze_image_async (1x) | Success | Visual + No Audio
[2026-01-07 17:53:05] #1 | analyze_image_async (1x) | Success | Visual + No Audio
[2026-01-07 18:05:13] #1 | analyze_image_async (1x) | Success | Visual + No Audio
[2026-01-07 18:17:37] #1 | analyze_image_async (1x) | Success | Visual + No Audio
[2026-01-07 18:31:19] #1 | chat_response_async (1x) | Success | Visual + No Audio
[2026-01-07 18:35:41] #1 | analyze_for_learning (1x) | Success | 
[2026-01-07 18:39:37] #2 | chat_response_async (1x) | Success | Visual + No Audio
[2026-01-07 18:45:23] #3 | chat_response_async (2x) | Success | Visual + No Audio
[2026-01-07 18:49:40] #4 | chat_response_async (3x) | Success | Visual + No Audio
[2026-01-07 19:05:28] #1 | analyze_for_learning (1x) | Success | 
[2026-01-07 19:10:26] #1 | analyze_for_learning (1x) | Success | 
[2026-01-07 19:10:28] #2 | analyze_image_async (1x) | Success | Visual + No Audio | Trigger: title
[2026-01-07 19:11:03] #3 | chat_response_async (1x) | Success | Visual + No Audio
[2026-01-07 19:11:19] #4 | analyze_for_learning (2x) | Success | 
[2026-01-07 19:11:53] #5 | analyze_for_learning (3x) | Success | 
[2026-01-07 19:12:29] #6 | analyze_for_learning (4x) | Success | 
[2026-01-07 19:13:00] #7 | analyze_for_learning (5x) | Success | 
[2026-01-07 19:13:35] #8 | analyze_for_learning (6x) | Success | 
[2026-01-07 19:14:10] #9 | analyze_for_learning (7x) | Success | 
[2026-01-07 19:14:40] #10 | analyze_for_learning (8x) | Success | 
[2026-01-07 19:15:12] #11 | analyze_for_learning (9x) | Success | 
[2026-01-07 19:15:49] #12 | analyze_for_learning (10x) | Success | 
[2026-01-07 19:16:27] #13 | analyze_for_learning (11x) | Success | 
[2026-01-07 19:17:06] #14 | analyze_for_learning (12x) | Success | 
[2026-01-07 19:20:23] #1 | analyze_for_learning (1x) | Success | 
[2026-01-07 19:20:37] #2 | analyze_for_learning (2x) | Success | 
[2026-01-07 19:20:57] #3 | analyze_for_learning (3x) | Success | 
[2026-01-07 19:21:13] #4 | analyze_for_learning (4x) | Success | 
[2026-01-07 19:21:21] #5 | chat_response_async (1x) | Success | Visual + No Audio
[2026-01-07 19:21:30] #6 | analyze_for_learning (5x) | Success | 
[2026-01-07 19:21:50] #7 | analyze_for_learning (6x) | Success | 
[2026-01-07 19:22:09] #8 | analyze_for_learning (7x) | Success | 
[2026-01-07 19:22:29] #9 | analyze_for_learning (8x) | Success | 
[2026-01-07 19:23:24] #1 | analyze_for_learning (1x) | Success | 
[2026-01-07 19:23:36] #2 | chat_response_async (1x) | Success | Visual + No Audio
